AH00558: apache2: Could not reliably determine the server's fully qualified domain name, using 172.20.0.2. Set the 'ServerName' directive globally to suppress this message
[Wed Oct 22 16:08:18.185968 2025] [core:warn] [pid 8] AH00098: pid file /var/run/apache2/apache2.pid overwritten -- Unclean shutdown of previous Apache run?
[Wed Oct 22 16:08:18.243108 2025] [mpm_prefork:notice] [pid 8] AH00163: Apache/2.4.52 (Ubuntu) OpenSSL/3.0.2 configured -- resuming normal operations
[Wed Oct 22 16:08:18.243362 2025] [core:notice] [pid 8] AH00094: Command line: '/usr/sbin/apache2 -D FOREGROUND'
AH00558: apache2: Could not reliably determine the server's fully qualified domain name, using 172.20.0.2. Set the 'ServerName' directive globally to suppress this message
[Wed Oct 22 16:31:21.246183 2025] [core:warn] [pid 8] AH00098: pid file /var/run/apache2/apache2.pid overwritten -- Unclean shutdown of previous Apache run?
[Wed Oct 22 16:31:21.286072 2025] [mpm_prefork:notice] [pid 8] AH00163: Apache/2.4.52 (Ubuntu) OpenSSL/3.0.2 configured -- resuming normal operations
[Wed Oct 22 16:31:21.287266 2025] [core:notice] [pid 8] AH00094: Command line: '/usr/sbin/apache2 -D FOREGROUND'
AH00558: apache2: Could not reliably determine the server's fully qualified domain name, using 172.20.0.2. Set the 'ServerName' directive globally to suppress this message
[Wed Oct 22 16:43:57.384178 2025] [core:warn] [pid 9] AH00098: pid file /var/run/apache2/apache2.pid overwritten -- Unclean shutdown of previous Apache run?
[Wed Oct 22 16:43:57.824218 2025] [mpm_prefork:notice] [pid 9] AH00163: Apache/2.4.52 (Ubuntu) OpenSSL/3.0.2 configured -- resuming normal operations
[Wed Oct 22 16:43:57.827571 2025] [core:notice] [pid 9] AH00094: Command line: '/usr/sbin/apache2 -D FOREGROUND'
AH00558: apache2: Could not reliably determine the server's fully qualified domain name, using 172.20.0.4. Set the 'ServerName' directive globally to suppress this message
[Wed Oct 22 19:43:29.434607 2025] [core:warn] [pid 8] AH00098: pid file /var/run/apache2/apache2.pid overwritten -- Unclean shutdown of previous Apache run?
[Wed Oct 22 19:43:29.456372 2025] [mpm_prefork:notice] [pid 8] AH00163: Apache/2.4.52 (Ubuntu) OpenSSL/3.0.2 configured -- resuming normal operations
[Wed Oct 22 19:43:29.465848 2025] [core:notice] [pid 8] AH00094: Command line: '/usr/sbin/apache2 -D FOREGROUND'
AH00558: apache2: Could not reliably determine the server's fully qualified domain name, using 172.20.0.4. Set the 'ServerName' directive globally to suppress this message
[Thu Oct 23 11:20:18.675772 2025] [core:warn] [pid 7] AH00098: pid file /var/run/apache2/apache2.pid overwritten -- Unclean shutdown of previous Apache run?
[Thu Oct 23 11:20:18.725732 2025] [mpm_prefork:notice] [pid 7] AH00163: Apache/2.4.52 (Ubuntu) OpenSSL/3.0.2 configured -- resuming normal operations
[Thu Oct 23 11:20:18.726190 2025] [core:notice] [pid 7] AH00094: Command line: '/usr/sbin/apache2 -D FOREGROUND'
AH00558: apache2: Could not reliably determine the server's fully qualified domain name, using 172.20.0.3. Set the 'ServerName' directive globally to suppress this message
[Thu Oct 23 11:26:19.242116 2025] [core:warn] [pid 8] AH00098: pid file /var/run/apache2/apache2.pid overwritten -- Unclean shutdown of previous Apache run?
[Thu Oct 23 11:26:19.611440 2025] [mpm_prefork:notice] [pid 8] AH00163: Apache/2.4.52 (Ubuntu) OpenSSL/3.0.2 configured -- resuming normal operations
[Thu Oct 23 11:26:19.611644 2025] [core:notice] [pid 8] AH00094: Command line: '/usr/sbin/apache2 -D FOREGROUND'
[Thu Oct 23 11:39:14.395601 2025] [core:error] [pid 9] [client 172.20.0.2:58482] AH00037: Symbolic link not allowed or link target not accessible: /var/www/html/public/storage, referer: http://sparepart_tsp.local/pattern/inspection
[Thu Oct 23 11:39:24.213150 2025] [core:error] [pid 10] [client 172.20.0.2:46304] AH00037: Symbolic link not allowed or link target not accessible: /var/www/html/public/storage, referer: http://sparepart_tsp.local/pattern/inspection
[Thu Oct 23 11:39:53.886579 2025] [core:error] [pid 14] [client 172.20.0.2:55202] AH00037: Symbolic link not allowed or link target not accessible: /var/www/html/public/storage, referer: http://sparepart_tsp.local/pattern/inspection
[Thu Oct 23 12:38:58.364254 2025] [core:error] [pid 9] [client 172.20.0.2:36994] AH00037: Symbolic link not allowed or link target not accessible: /var/www/html/public/storage
AH00558: apache2: Could not reliably determine the server's fully qualified domain name, using 172.20.0.4. Set the 'ServerName' directive globally to suppress this message
[Fri Oct 24 08:04:59.637399 2025] [core:warn] [pid 8] AH00098: pid file /var/run/apache2/apache2.pid overwritten -- Unclean shutdown of previous Apache run?
[Fri Oct 24 08:04:59.646115 2025] [mpm_prefork:notice] [pid 8] AH00163: Apache/2.4.52 (Ubuntu) OpenSSL/3.0.2 configured -- resuming normal operations
[Fri Oct 24 08:04:59.647070 2025] [core:notice] [pid 8] AH00094: Command line: '/usr/sbin/apache2 -D FOREGROUND'
AH00558: apache2: Could not reliably determine the server's fully qualified domain name, using 172.20.0.3. Set the 'ServerName' directive globally to suppress this message
[Mon Oct 27 08:17:37.165727 2025] [core:warn] [pid 8] AH00098: pid file /var/run/apache2/apache2.pid overwritten -- Unclean shutdown of previous Apache run?
[Mon Oct 27 08:17:37.172787 2025] [mpm_prefork:notice] [pid 8] AH00163: Apache/2.4.52 (Ubuntu) OpenSSL/3.0.2 configured -- resuming normal operations
[Mon Oct 27 08:17:37.173659 2025] [core:notice] [pid 8] AH00094: Command line: '/usr/sbin/apache2 -D FOREGROUND'
AH00558: apache2: Could not reliably determine the server's fully qualified domain name, using 172.20.0.4. Set the 'ServerName' directive globally to suppress this message
[Tue Oct 28 19:21:36.258337 2025] [core:warn] [pid 8] AH00098: pid file /var/run/apache2/apache2.pid overwritten -- Unclean shutdown of previous Apache run?
[Tue Oct 28 19:21:36.263228 2025] [mpm_prefork:notice] [pid 8] AH00163: Apache/2.4.52 (Ubuntu) OpenSSL/3.0.2 configured -- resuming normal operations
[Tue Oct 28 19:21:36.265051 2025] [core:notice] [pid 8] AH00094: Command line: '/usr/sbin/apache2 -D FOREGROUND'
AH00558: apache2: Could not reliably determine the server's fully qualified domain name, using 172.20.0.3. Set the 'ServerName' directive globally to suppress this message
[Wed Oct 29 10:21:56.006731 2025] [core:warn] [pid 8] AH00098: pid file /var/run/apache2/apache2.pid overwritten -- Unclean shutdown of previous Apache run?
[Wed Oct 29 10:21:56.017489 2025] [mpm_prefork:notice] [pid 8] AH00163: Apache/2.4.52 (Ubuntu) OpenSSL/3.0.2 configured -- resuming normal operations
[Wed Oct 29 10:21:56.017573 2025] [core:notice] [pid 8] AH00094: Command line: '/usr/sbin/apache2 -D FOREGROUND'
AH00558: apache2: Could not reliably determine the server's fully qualified domain name, using 172.20.0.3. Set the 'ServerName' directive globally to suppress this message
[Wed Oct 29 13:59:45.789382 2025] [core:warn] [pid 7] AH00098: pid file /var/run/apache2/apache2.pid overwritten -- Unclean shutdown of previous Apache run?
[Wed Oct 29 13:59:46.335028 2025] [mpm_prefork:notice] [pid 7] AH00163: Apache/2.4.52 (Ubuntu) OpenSSL/3.0.2 configured -- resuming normal operations
[Wed Oct 29 13:59:46.342225 2025] [core:notice] [pid 7] AH00094: Command line: '/usr/sbin/apache2 -D FOREGROUND'
AH00558: apache2: Could not reliably determine the server's fully qualified domain name, using 172.20.0.3. Set the 'ServerName' directive globally to suppress this message
[Wed Oct 29 14:40:47.999399 2025] [core:warn] [pid 9] AH00098: pid file /var/run/apache2/apache2.pid overwritten -- Unclean shutdown of previous Apache run?
[Wed Oct 29 14:40:48.001238 2025] [mpm_prefork:notice] [pid 9] AH00163: Apache/2.4.52 (Ubuntu) OpenSSL/3.0.2 configured -- resuming normal operations
[Wed Oct 29 14:40:48.001331 2025] [core:notice] [pid 9] AH00094: Command line: '/usr/sbin/apache2 -D FOREGROUND'
AH00558: apache2: Could not reliably determine the server's fully qualified domain name, using 172.20.0.3. Set the 'ServerName' directive globally to suppress this message
[Wed Oct 29 14:46:18.237170 2025] [core:warn] [pid 8] AH00098: pid file /var/run/apache2/apache2.pid overwritten -- Unclean shutdown of previous Apache run?
[Wed Oct 29 14:46:18.241597 2025] [mpm_prefork:notice] [pid 8] AH00163: Apache/2.4.52 (Ubuntu) OpenSSL/3.0.2 configured -- resuming normal operations
[Wed Oct 29 14:46:18.241674 2025] [core:notice] [pid 8] AH00094: Command line: '/usr/sbin/apache2 -D FOREGROUND'
AH00558: apache2: Could not reliably determine the server's fully qualified domain name, using 172.20.0.3. Set the 'ServerName' directive globally to suppress this message
[Fri Oct 31 10:40:16.597877 2025] [core:warn] [pid 7] AH00098: pid file /var/run/apache2/apache2.pid overwritten -- Unclean shutdown of previous Apache run?
[Fri Oct 31 10:40:16.606479 2025] [mpm_prefork:notice] [pid 7] AH00163: Apache/2.4.52 (Ubuntu) OpenSSL/3.0.2 configured -- resuming normal operations
[Fri Oct 31 10:40:16.606718 2025] [core:notice] [pid 7] AH00094: Command line: '/usr/sbin/apache2 -D FOREGROUND'
AH00558: apache2: Could not reliably determine the server's fully qualified domain name, using 172.20.0.4. Set the 'ServerName' directive globally to suppress this message
[Tue Nov 04 18:02:54.565380 2025] [core:warn] [pid 7] AH00098: pid file /var/run/apache2/apache2.pid overwritten -- Unclean shutdown of previous Apache run?
[Tue Nov 04 18:02:54.570940 2025] [mpm_prefork:notice] [pid 7] AH00163: Apache/2.4.52 (Ubuntu) OpenSSL/3.0.2 configured -- resuming normal operations
[Tue Nov 04 18:02:54.575964 2025] [core:notice] [pid 7] AH00094: Command line: '/usr/sbin/apache2 -D FOREGROUND'
AH00558: apache2: Could not reliably determine the server's fully qualified domain name, using 172.20.0.3. Set the 'ServerName' directive globally to suppress this message
[Wed Nov 05 16:17:50.381302 2025] [core:warn] [pid 8] AH00098: pid file /var/run/apache2/apache2.pid overwritten -- Unclean shutdown of previous Apache run?
[Wed Nov 05 16:17:50.395792 2025] [mpm_prefork:notice] [pid 8] AH00163: Apache/2.4.52 (Ubuntu) OpenSSL/3.0.2 configured -- resuming normal operations
[Wed Nov 05 16:17:50.398680 2025] [core:notice] [pid 8] AH00094: Command line: '/usr/sbin/apache2 -D FOREGROUND'
AH00558: apache2: Could not reliably determine the server's fully qualified domain name, using 172.20.0.4. Set the 'ServerName' directive globally to suppress this message
[Wed Nov 05 21:32:12.472191 2025] [core:warn] [pid 8] AH00098: pid file /var/run/apache2/apache2.pid overwritten -- Unclean shutdown of previous Apache run?
[Wed Nov 05 21:32:12.478211 2025] [mpm_prefork:notice] [pid 8] AH00163: Apache/2.4.52 (Ubuntu) OpenSSL/3.0.2 configured -- resuming normal operations
[Wed Nov 05 21:32:12.478775 2025] [core:notice] [pid 8] AH00094: Command line: '/usr/sbin/apache2 -D FOREGROUND'
AH00558: apache2: Could not reliably determine the server's fully qualified domain name, using 172.20.0.3. Set the 'ServerName' directive globally to suppress this message
[Thu Nov 06 08:17:10.259722 2025] [core:warn] [pid 8] AH00098: pid file /var/run/apache2/apache2.pid overwritten -- Unclean shutdown of previous Apache run?
[Thu Nov 06 08:17:10.285071 2025] [mpm_prefork:notice] [pid 8] AH00163: Apache/2.4.52 (Ubuntu) OpenSSL/3.0.2 configured -- resuming normal operations
[Thu Nov 06 08:17:10.285179 2025] [core:notice] [pid 8] AH00094: Command line: '/usr/sbin/apache2 -D FOREGROUND'
AH00558: apache2: Could not reliably determine the server's fully qualified domain name, using 172.20.0.3. Set the 'ServerName' directive globally to suppress this message
[Thu Nov 06 19:03:52.698732 2025] [core:warn] [pid 8] AH00098: pid file /var/run/apache2/apache2.pid overwritten -- Unclean shutdown of previous Apache run?
[Thu Nov 06 19:03:52.779349 2025] [mpm_prefork:notice] [pid 8] AH00163: Apache/2.4.52 (Ubuntu) OpenSSL/3.0.2 configured -- resuming normal operations
[Thu Nov 06 19:03:52.779517 2025] [core:notice] [pid 8] AH00094: Command line: '/usr/sbin/apache2 -D FOREGROUND'
AH00558: apache2: Could not reliably determine the server's fully qualified domain name, using 172.20.0.2. Set the 'ServerName' directive globally to suppress this message
[Fri Nov 07 08:17:32.933098 2025] [core:warn] [pid 8] AH00098: pid file /var/run/apache2/apache2.pid overwritten -- Unclean shutdown of previous Apache run?
[Fri Nov 07 08:17:32.994312 2025] [mpm_prefork:notice] [pid 8] AH00163: Apache/2.4.52 (Ubuntu) OpenSSL/3.0.2 configured -- resuming normal operations
[Fri Nov 07 08:17:32.994458 2025] [core:notice] [pid 8] AH00094: Command line: '/usr/sbin/apache2 -D FOREGROUND'
AH00558: apache2: Could not reliably determine the server's fully qualified domain name, using 172.20.0.3. Set the 'ServerName' directive globally to suppress this message
[Fri Nov 07 08:18:39.666235 2025] [core:warn] [pid 8] AH00098: pid file /var/run/apache2/apache2.pid overwritten -- Unclean shutdown of previous Apache run?
[Fri Nov 07 08:18:39.671374 2025] [mpm_prefork:notice] [pid 8] AH00163: Apache/2.4.52 (Ubuntu) OpenSSL/3.0.2 configured -- resuming normal operations
[Fri Nov 07 08:18:39.671477 2025] [core:notice] [pid 8] AH00094: Command line: '/usr/sbin/apache2 -D FOREGROUND'
AH00558: apache2: Could not reliably determine the server's fully qualified domain name, using 172.20.0.3. Set the 'ServerName' directive globally to suppress this message
[Fri Nov 07 08:21:17.634517 2025] [core:warn] [pid 7] AH00098: pid file /var/run/apache2/apache2.pid overwritten -- Unclean shutdown of previous Apache run?
[Fri Nov 07 08:21:17.640128 2025] [mpm_prefork:notice] [pid 7] AH00163: Apache/2.4.52 (Ubuntu) OpenSSL/3.0.2 configured -- resuming normal operations
[Fri Nov 07 08:21:17.640283 2025] [core:notice] [pid 7] AH00094: Command line: '/usr/sbin/apache2 -D FOREGROUND'
AH00558: apache2: Could not reliably determine the server's fully qualified domain name, using 172.20.0.3. Set the 'ServerName' directive globally to suppress this message
[Fri Nov 07 08:22:12.279748 2025] [core:warn] [pid 8] AH00098: pid file /var/run/apache2/apache2.pid overwritten -- Unclean shutdown of previous Apache run?
[Fri Nov 07 08:22:12.288444 2025] [mpm_prefork:notice] [pid 8] AH00163: Apache/2.4.52 (Ubuntu) OpenSSL/3.0.2 configured -- resuming normal operations
[Fri Nov 07 08:22:12.288537 2025] [core:notice] [pid 8] AH00094: Command line: '/usr/sbin/apache2 -D FOREGROUND'
[Fri Nov 07 08:36:35.435752 2025] [core:warn] [pid 8] AH00098: pid file /var/run/apache2/apache2.pid overwritten -- Unclean shutdown of previous Apache run?
[Fri Nov 07 08:36:35.444011 2025] [mpm_prefork:notice] [pid 8] AH00163: Apache/2.4.52 (Ubuntu) OpenSSL/3.0.2 configured -- resuming normal operations
[Fri Nov 07 08:36:35.444342 2025] [core:notice] [pid 8] AH00094: Command line: '/usr/sbin/apache2 -D FOREGROUND'
[Fri Nov 07 08:47:44.020965 2025] [core:warn] [pid 8] AH00098: pid file /var/run/apache2/apache2.pid overwritten -- Unclean shutdown of previous Apache run?
[Fri Nov 07 08:47:44.060483 2025] [mpm_prefork:notice] [pid 8] AH00163: Apache/2.4.52 (Ubuntu) OpenSSL/3.0.2 configured -- resuming normal operations
[Fri Nov 07 08:47:44.060878 2025] [core:notice] [pid 8] AH00094: Command line: '/usr/sbin/apache2 -D FOREGROUND'
[Fri Nov 07 08:52:48.564299 2025] [core:warn] [pid 8] AH00098: pid file /var/run/apache2/apache2.pid overwritten -- Unclean shutdown of previous Apache run?
[Fri Nov 07 08:52:48.566539 2025] [mpm_prefork:notice] [pid 8] AH00163: Apache/2.4.52 (Ubuntu) OpenSSL/3.0.2 configured -- resuming normal operations
[Fri Nov 07 08:52:48.566600 2025] [core:notice] [pid 8] AH00094: Command line: '/usr/sbin/apache2 -D FOREGROUND'
[Fri Nov 07 08:59:03.328475 2025] [core:warn] [pid 8] AH00098: pid file /var/run/apache2/apache2.pid overwritten -- Unclean shutdown of previous Apache run?
[Fri Nov 07 08:59:03.335996 2025] [mpm_prefork:notice] [pid 8] AH00163: Apache/2.4.52 (Ubuntu) OpenSSL/3.0.2 configured -- resuming normal operations
[Fri Nov 07 08:59:03.336102 2025] [core:notice] [pid 8] AH00094: Command line: '/usr/sbin/apache2 -D FOREGROUND'
[Fri Nov 07 09:01:44.492253 2025] [core:warn] [pid 8] AH00098: pid file /var/run/apache2/apache2.pid overwritten -- Unclean shutdown of previous Apache run?
[Fri Nov 07 09:01:44.515331 2025] [mpm_prefork:notice] [pid 8] AH00163: Apache/2.4.52 (Ubuntu) OpenSSL/3.0.2 configured -- resuming normal operations
[Fri Nov 07 09:01:44.515509 2025] [core:notice] [pid 8] AH00094: Command line: '/usr/sbin/apache2 -D FOREGROUND'
AH00558: apache2: Could not reliably determine the server's fully qualified domain name, using 172.20.0.2. Set the 'ServerName' directive globally to suppress this message
[Fri Nov 07 09:02:37.921126 2025] [core:warn] [pid 8] AH00098: pid file /var/run/apache2/apache2.pid overwritten -- Unclean shutdown of previous Apache run?
[Fri Nov 07 09:02:37.947075 2025] [mpm_prefork:notice] [pid 8] AH00163: Apache/2.4.52 (Ubuntu) OpenSSL/3.0.2 configured -- resuming normal operations
[Fri Nov 07 09:02:37.947240 2025] [core:notice] [pid 8] AH00094: Command line: '/usr/sbin/apache2 -D FOREGROUND'
[Fri Nov 07 09:20:34.902380 2025] [core:error] [pid 13] [client 172.20.0.3:38982] AH00037: Symbolic link not allowed or link target not accessible: /var/www/html/public/storage, referer: http://sparepart_tsp.local/pattern/inspection
AH00558: apache2: Could not reliably determine the server's fully qualified domain name, using 172.20.0.3. Set the 'ServerName' directive globally to suppress this message
[Fri Nov 07 20:41:59.661380 2025] [core:warn] [pid 8] AH00098: pid file /var/run/apache2/apache2.pid overwritten -- Unclean shutdown of previous Apache run?
[Fri Nov 07 20:41:59.669825 2025] [mpm_prefork:notice] [pid 8] AH00163: Apache/2.4.52 (Ubuntu) OpenSSL/3.0.2 configured -- resuming normal operations
[Fri Nov 07 20:41:59.670045 2025] [core:notice] [pid 8] AH00094: Command line: '/usr/sbin/apache2 -D FOREGROUND'
AH00558: apache2: Could not reliably determine the server's fully qualified domain name, using 172.20.0.3. Set the 'ServerName' directive globally to suppress this message
[Sat Nov 08 17:17:30.518276 2025] [core:warn] [pid 8] AH00098: pid file /var/run/apache2/apache2.pid overwritten -- Unclean shutdown of previous Apache run?
[Sat Nov 08 17:17:30.521991 2025] [mpm_prefork:notice] [pid 8] AH00163: Apache/2.4.52 (Ubuntu) OpenSSL/3.0.2 configured -- resuming normal operations
[Sat Nov 08 17:17:30.524430 2025] [core:notice] [pid 8] AH00094: Command line: '/usr/sbin/apache2 -D FOREGROUND'
AH00558: apache2: Could not reliably determine the server's fully qualified domain name, using 172.20.0.3. Set the 'ServerName' directive globally to suppress this message
[Sun Nov 09 22:46:07.623059 2025] [core:warn] [pid 7] AH00098: pid file /var/run/apache2/apache2.pid overwritten -- Unclean shutdown of previous Apache run?
[Sun Nov 09 22:46:07.626719 2025] [mpm_prefork:notice] [pid 7] AH00163: Apache/2.4.52 (Ubuntu) OpenSSL/3.0.2 configured -- resuming normal operations
[Sun Nov 09 22:46:07.626786 2025] [core:notice] [pid 7] AH00094: Command line: '/usr/sbin/apache2 -D FOREGROUND'
AH00558: apache2: Could not reliably determine the server's fully qualified domain name, using 172.20.0.3. Set the 'ServerName' directive globally to suppress this message
[Tue Nov 11 07:23:28.893714 2025] [core:warn] [pid 8] AH00098: pid file /var/run/apache2/apache2.pid overwritten -- Unclean shutdown of previous Apache run?
[Tue Nov 11 07:23:28.915228 2025] [mpm_prefork:notice] [pid 8] AH00163: Apache/2.4.52 (Ubuntu) OpenSSL/3.0.2 configured -- resuming normal operations
[Tue Nov 11 07:23:28.915363 2025] [core:notice] [pid 8] AH00094: Command line: '/usr/sbin/apache2 -D FOREGROUND'
AH00558: apache2: Could not reliably determine the server's fully qualified domain name, using 172.20.0.3. Set the 'ServerName' directive globally to suppress this message
[Tue Nov 11 15:17:28.535772 2025] [core:warn] [pid 8] AH00098: pid file /var/run/apache2/apache2.pid overwritten -- Unclean shutdown of previous Apache run?
[Tue Nov 11 15:17:28.538474 2025] [mpm_prefork:notice] [pid 8] AH00163: Apache/2.4.52 (Ubuntu) OpenSSL/3.0.2 configured -- resuming normal operations
[Tue Nov 11 15:17:28.538555 2025] [core:notice] [pid 8] AH00094: Command line: '/usr/sbin/apache2 -D FOREGROUND'
AH00558: apache2: Could not reliably determine the server's fully qualified domain name, using 172.20.0.3. Set the 'ServerName' directive globally to suppress this message
[Tue Nov 11 21:25:27.422821 2025] [core:warn] [pid 7] AH00098: pid file /var/run/apache2/apache2.pid overwritten -- Unclean shutdown of previous Apache run?
[Tue Nov 11 21:25:27.425472 2025] [mpm_prefork:notice] [pid 7] AH00163: Apache/2.4.52 (Ubuntu) OpenSSL/3.0.2 configured -- resuming normal operations
[Tue Nov 11 21:25:27.425806 2025] [core:notice] [pid 7] AH00094: Command line: '/usr/sbin/apache2 -D FOREGROUND'
AH00558: apache2: Could not reliably determine the server's fully qualified domain name, using 172.20.0.3. Set the 'ServerName' directive globally to suppress this message
[Wed Nov 12 08:53:35.422804 2025] [core:warn] [pid 8] AH00098: pid file /var/run/apache2/apache2.pid overwritten -- Unclean shutdown of previous Apache run?
[Wed Nov 12 08:53:35.492686 2025] [mpm_prefork:notice] [pid 8] AH00163: Apache/2.4.52 (Ubuntu) OpenSSL/3.0.2 configured -- resuming normal operations
[Wed Nov 12 08:53:35.492817 2025] [core:notice] [pid 8] AH00094: Command line: '/usr/sbin/apache2 -D FOREGROUND'
AH00558: apache2: Could not reliably determine the server's fully qualified domain name, using 172.20.0.3. Set the 'ServerName' directive globally to suppress this message
[Wed Nov 12 09:06:24.288996 2025] [core:warn] [pid 7] AH00098: pid file /var/run/apache2/apache2.pid overwritten -- Unclean shutdown of previous Apache run?
[Wed Nov 12 09:06:24.305320 2025] [mpm_prefork:notice] [pid 7] AH00163: Apache/2.4.52 (Ubuntu) OpenSSL/3.0.2 configured -- resuming normal operations
[Wed Nov 12 09:06:24.305498 2025] [core:notice] [pid 7] AH00094: Command line: '/usr/sbin/apache2 -D FOREGROUND'
AH00558: apache2: Could not reliably determine the server's fully qualified domain name, using 172.20.0.2. Set the 'ServerName' directive globally to suppress this message
[Wed Nov 12 09:08:06.916904 2025] [core:warn] [pid 8] AH00098: pid file /var/run/apache2/apache2.pid overwritten -- Unclean shutdown of previous Apache run?
[Wed Nov 12 09:08:06.928585 2025] [mpm_prefork:notice] [pid 8] AH00163: Apache/2.4.52 (Ubuntu) OpenSSL/3.0.2 configured -- resuming normal operations
[Wed Nov 12 09:08:06.928679 2025] [core:notice] [pid 8] AH00094: Command line: '/usr/sbin/apache2 -D FOREGROUND'
AH00558: apache2: Could not reliably determine the server's fully qualified domain name, using 172.20.0.2. Set the 'ServerName' directive globally to suppress this message
[Wed Nov 12 09:10:49.218316 2025] [core:warn] [pid 8] AH00098: pid file /var/run/apache2/apache2.pid overwritten -- Unclean shutdown of previous Apache run?
[Wed Nov 12 09:10:49.231942 2025] [mpm_prefork:notice] [pid 8] AH00163: Apache/2.4.52 (Ubuntu) OpenSSL/3.0.2 configured -- resuming normal operations
[Wed Nov 12 09:10:49.232066 2025] [core:notice] [pid 8] AH00094: Command line: '/usr/sbin/apache2 -D FOREGROUND'
AH00558: apache2: Could not reliably determine the server's fully qualified domain name, using 172.20.0.3. Set the 'ServerName' directive globally to suppress this message
[Wed Nov 12 09:14:48.848299 2025] [core:warn] [pid 8] AH00098: pid file /var/run/apache2/apache2.pid overwritten -- Unclean shutdown of previous Apache run?
[Wed Nov 12 09:14:48.873334 2025] [mpm_prefork:notice] [pid 8] AH00163: Apache/2.4.52 (Ubuntu) OpenSSL/3.0.2 configured -- resuming normal operations
[Wed Nov 12 09:14:48.873434 2025] [core:notice] [pid 8] AH00094: Command line: '/usr/sbin/apache2 -D FOREGROUND'
AH00558: apache2: Could not reliably determine the server's fully qualified domain name, using 172.20.0.3. Set the 'ServerName' directive globally to suppress this message
[Wed Nov 12 09:15:48.639932 2025] [core:warn] [pid 8] AH00098: pid file /var/run/apache2/apache2.pid overwritten -- Unclean shutdown of previous Apache run?
[Wed Nov 12 09:15:48.673255 2025] [mpm_prefork:notice] [pid 8] AH00163: Apache/2.4.52 (Ubuntu) OpenSSL/3.0.2 configured -- resuming normal operations
[Wed Nov 12 09:15:48.673322 2025] [core:notice] [pid 8] AH00094: Command line: '/usr/sbin/apache2 -D FOREGROUND'
AH00558: apache2: Could not reliably determine the server's fully qualified domain name, using 172.20.0.3. Set the 'ServerName' directive globally to suppress this message
[Wed Nov 12 09:20:40.196707 2025] [core:warn] [pid 8] AH00098: pid file /var/run/apache2/apache2.pid overwritten -- Unclean shutdown of previous Apache run?
[Wed Nov 12 09:20:40.206635 2025] [mpm_prefork:notice] [pid 8] AH00163: Apache/2.4.52 (Ubuntu) OpenSSL/3.0.2 configured -- resuming normal operations
[Wed Nov 12 09:20:40.207382 2025] [core:notice] [pid 8] AH00094: Command line: '/usr/sbin/apache2 -D FOREGROUND'
AH00558: apache2: Could not reliably determine the server's fully qualified domain name, using 172.20.0.2. Set the 'ServerName' directive globally to suppress this message
[Wed Nov 12 09:21:07.556889 2025] [core:warn] [pid 8] AH00098: pid file /var/run/apache2/apache2.pid overwritten -- Unclean shutdown of previous Apache run?
[Wed Nov 12 09:21:07.585889 2025] [mpm_prefork:notice] [pid 8] AH00163: Apache/2.4.52 (Ubuntu) OpenSSL/3.0.2 configured -- resuming normal operations
[Wed Nov 12 09:21:07.585974 2025] [core:notice] [pid 8] AH00094: Command line: '/usr/sbin/apache2 -D FOREGROUND'
AH00558: apache2: Could not reliably determine the server's fully qualified domain name, using 172.20.0.3. Set the 'ServerName' directive globally to suppress this message
[Wed Nov 12 09:26:30.155432 2025] [core:warn] [pid 8] AH00098: pid file /var/run/apache2/apache2.pid overwritten -- Unclean shutdown of previous Apache run?
[Wed Nov 12 09:26:30.185192 2025] [mpm_prefork:notice] [pid 8] AH00163: Apache/2.4.52 (Ubuntu) OpenSSL/3.0.2 configured -- resuming normal operations
[Wed Nov 12 09:26:30.185266 2025] [core:notice] [pid 8] AH00094: Command line: '/usr/sbin/apache2 -D FOREGROUND'
